<?xml version="1.0" encoding="UTF-8"?>
<testsuite xmlns:xsi="http://www.w3.org/2001/XMLSchema-instance" xsi:noNamespaceSchemaLocation="https://maven.apache.org/surefire/maven-surefire-plugin/xsd/surefire-test-report.xsd" version="3.0.2" name="com.novaes.treinamentos.TreinamentosApplicationTests" time="9.347" tests="1" errors="0" skipped="0" failures="0">
  <properties>
[...]
</properties>
  <testcase name="contextLoads" classname="com.novaes.treinamentos.TreinamentosApplicationTests" time="0.501">
    <system-out><![CDATA[08:58:53.030 [main] INFO org.springframework.test.context.support.AnnotationConfigContextLoaderUtils -- Could not detect default configuration classes for test class [com.novaes.treinamentos.TreinamentosApplicationTests]: TreinamentosApplicationTests does not declare any static, non-private, non-final, nested classes annotated with @Configuration.
08:58:53.183 [main] INFO org.springframework.boot.test.context.SpringBootTestContextBootstrapper -- Found @SpringBootConfiguration com.novaes.treinamentos.TreinamentosApplication for test class com.novaes.treinamentos.TreinamentosApplicationTests
08:58:53.499 [main] INFO org.springframework.boot.devtools.restart.RestartApplicationListener -- Restart disabled due to context in which it is running

  .   ____          _            __ _ _
 /\\ / ___'_ __ _ _(_)_ __  __ _ \ \ \ \
( ( )\___ | '_ | '_| | '_ \/ _` | \ \ \ \
 \\/  ___)| |_)| | | | | || (_| |  ) ) ) )
  '  |____| .__|_| |_|_| |_\__, | / / / /
 =========|_|==============|___/=/_/_/_/

 :: Spring Boot ::                (v3.4.4)

2025-04-22T08:58:53.998-03:00  INFO 16300 --- [novaes] [           main] c.n.t.TreinamentosApplicationTests       : Starting TreinamentosApplicationTests using Java 22.0.1 with PID 16300 (started by NOVAES in D:\PC13\Desktop\teste google cloud\Integracao_Treinamentos)
2025-04-22T08:58:54.000-03:00  INFO 16300 --- [novaes] [           main] c.n.t.TreinamentosApplicationTests       : No active profile set, falling back to 1 default profile: "default"
2025-04-22T08:58:55.206-03:00  INFO 16300 --- [novaes] [           main] .s.d.r.c.RepositoryConfigurationDelegate : Bootstrapping Spring Data JPA repositories in DEFAULT mode.
2025-04-22T08:58:55.299-03:00  INFO 16300 --- [novaes] [           main] .s.d.r.c.RepositoryConfigurationDelegate : Finished Spring Data repository scanning in 70 ms. Found 7 JPA repository interfaces.
2025-04-22T08:58:56.008-03:00 DEBUG 16300 --- [novaes] [           main] com.zaxxer.hikari.HikariConfig           : Driver class com.mysql.cj.jdbc.Driver found in Thread context class loader jdk.internal.loader.ClassLoaders$AppClassLoader@70dea4e
2025-04-22T08:58:56.202-03:00  INFO 16300 --- [novaes] [           main] o.hibernate.jpa.internal.util.LogHelper  : HHH000204: Processing PersistenceUnitInfo [name: default]
2025-04-22T08:58:56.258-03:00  INFO 16300 --- [novaes] [           main] org.hibernate.Version                    : HHH000412: Hibernate ORM core version 6.6.11.Final
2025-04-22T08:58:56.306-03:00  INFO 16300 --- [novaes] [           main] o.h.c.internal.RegionFactoryInitiator    : HHH000026: Second-level cache disabled
2025-04-22T08:58:56.631-03:00  INFO 16300 --- [novaes] [           main] o.s.o.j.p.SpringPersistenceUnitInfo      : No LoadTimeWeaver setup: ignoring JPA class transformer
2025-04-22T08:58:56.666-03:00 DEBUG 16300 --- [novaes] [           main] com.zaxxer.hikari.HikariConfig           : HikariPool-1 - configuration:
2025-04-22T08:58:56.671-03:00 DEBUG 16300 --- [novaes] [           main] com.zaxxer.hikari.HikariConfig           : allowPoolSuspension.............false
2025-04-22T08:58:56.671-03:00 DEBUG 16300 --- [novaes] [           main] com.zaxxer.hikari.HikariConfig           : autoCommit......................true
2025-04-22T08:58:56.671-03:00 DEBUG 16300 --- [novaes] [           main] com.zaxxer.hikari.HikariConfig           : catalog.........................none
2025-04-22T08:58:56.671-03:00 DEBUG 16300 --- [novaes] [           main] com.zaxxer.hikari.HikariConfig           : connectionInitSql...............none
2025-04-22T08:58:56.672-03:00 DEBUG 16300 --- [novaes] [           main] com.zaxxer.hikari.HikariConfig           : connectionTestQuery.............none
2025-04-22T08:58:56.673-03:00 DEBUG 16300 --- [novaes] [           main] com.zaxxer.hikari.HikariConfig           : connectionTimeout...............30000
2025-04-22T08:58:56.673-03:00 DEBUG 16300 --- [novaes] [           main] com.zaxxer.hikari.HikariConfig           : dataSource......................none
2025-04-22T08:58:56.673-03:00 DEBUG 16300 --- [novaes] [           main] com.zaxxer.hikari.HikariConfig           : dataSourceClassName.............none
2025-04-22T08:58:56.673-03:00 DEBUG 16300 --- [novaes] [           main] com.zaxxer.hikari.HikariConfig           : dataSourceJNDI..................none
2025-04-22T08:58:56.675-03:00 DEBUG 16300 --- [novaes] [           main] com.zaxxer.hikari.HikariConfig           : dataSourceProperties............{password=<masked>}
2025-04-22T08:58:56.675-03:00 DEBUG 16300 --- [novaes] [           main] com.zaxxer.hikari.HikariConfig           : driverClassName................."com.mysql.cj.jdbc.Driver"
2025-04-22T08:58:56.675-03:00 DEBUG 16300 --- [novaes] [           main] com.zaxxer.hikari.HikariConfig           : exceptionOverrideClassName......none
2025-04-22T08:58:56.675-03:00 DEBUG 16300 --- [novaes] [           main] com.zaxxer.hikari.HikariConfig           : healthCheckProperties...........{}
2025-04-22T08:58:56.675-03:00 DEBUG 16300 --- [novaes] [           main] com.zaxxer.hikari.HikariConfig           : healthCheckRegistry.............none
2025-04-22T08:58:56.676-03:00 DEBUG 16300 --- [novaes] [           main] com.zaxxer.hikari.HikariConfig           : idleTimeout.....................600000
2025-04-22T08:58:56.676-03:00 DEBUG 16300 --- [novaes] [           main] com.zaxxer.hikari.HikariConfig           : initializationFailTimeout.......1
2025-04-22T08:58:56.676-03:00 DEBUG 16300 --- [novaes] [           main] com.zaxxer.hikari.HikariConfig           : isolateInternalQueries..........false
2025-04-22T08:58:56.676-03:00 DEBUG 16300 --- [novaes] [           main] com.zaxxer.hikari.HikariConfig           : jdbcUrl.........................jdbc:mysql://127.0.0.1:3306/banco_novaes_integracao?useTimezone=true&serverTimezone=UTC
2025-04-22T08:58:56.676-03:00 DEBUG 16300 --- [novaes] [           main] com.zaxxer.hikari.HikariConfig           : keepaliveTime...................0
2025-04-22T08:58:56.676-03:00 DEBUG 16300 --- [novaes] [           main] com.zaxxer.hikari.HikariConfig           : leakDetectionThreshold..........0
2025-04-22T08:58:56.676-03:00 DEBUG 16300 --- [novaes] [           main] com.zaxxer.hikari.HikariConfig           : maxLifetime.....................1800000
2025-04-22T08:58:56.677-03:00 DEBUG 16300 --- [novaes] [           main] com.zaxxer.hikari.HikariConfig           : maximumPoolSize.................10
2025-04-22T08:58:56.677-03:00 DEBUG 16300 --- [novaes] [           main] com.zaxxer.hikari.HikariConfig           : metricRegistry..................none
2025-04-22T08:58:56.677-03:00 DEBUG 16300 --- [novaes] [           main] com.zaxxer.hikari.HikariConfig           : metricsTrackerFactory...........none
2025-04-22T08:58:56.677-03:00 DEBUG 16300 --- [novaes] [           main] com.zaxxer.hikari.HikariConfig           : minimumIdle.....................10
2025-04-22T08:58:56.677-03:00 DEBUG 16300 --- [novaes] [           main] com.zaxxer.hikari.HikariConfig           : password........................<masked>
2025-04-22T08:58:56.677-03:00 DEBUG 16300 --- [novaes] [           main] com.zaxxer.hikari.HikariConfig           : poolName........................"HikariPool-1"
2025-04-22T08:58:56.677-03:00 DEBUG 16300 --- [novaes] [           main] com.zaxxer.hikari.HikariConfig           : readOnly........................false
2025-04-22T08:58:56.678-03:00 DEBUG 16300 --- [novaes] [           main] com.zaxxer.hikari.HikariConfig           : registerMbeans..................false
2025-04-22T08:58:56.678-03:00 DEBUG 16300 --- [novaes] [           main] com.zaxxer.hikari.HikariConfig           : scheduledExecutor...............none
2025-04-22T08:58:56.678-03:00 DEBUG 16300 --- [novaes] [           main] com.zaxxer.hikari.HikariConfig           : schema..........................none
2025-04-22T08:58:56.678-03:00 DEBUG 16300 --- [novaes] [           main] com.zaxxer.hikari.HikariConfig           : threadFactory...................internal
2025-04-22T08:58:56.678-03:00 DEBUG 16300 --- [novaes] [           main] com.zaxxer.hikari.HikariConfig           : transactionIsolation............default
2025-04-22T08:58:56.678-03:00 DEBUG 16300 --- [novaes] [           main] com.zaxxer.hikari.HikariConfig           : username........................"root"
2025-04-22T08:58:56.678-03:00 DEBUG 16300 --- [novaes] [           main] com.zaxxer.hikari.HikariConfig           : validationTimeout...............5000
2025-04-22T08:58:56.678-03:00  INFO 16300 --- [novaes] [           main] com.zaxxer.hikari.HikariDataSource       : HikariPool-1 - Starting...
2025-04-22T08:58:57.028-03:00  INFO 16300 --- [novaes] [           main] com.zaxxer.hikari.pool.HikariPool        : HikariPool-1 - Added connection com.mysql.cj.jdbc.ConnectionImpl@5de243bb
2025-04-22T08:58:57.031-03:00  INFO 16300 --- [novaes] [           main] com.zaxxer.hikari.HikariDataSource       : HikariPool-1 - Start completed.
2025-04-22T08:58:57.099-03:00  WARN 16300 --- [novaes] [           main] org.hibernate.orm.deprecation            : HHH90000025: MySQL8Dialect does not need to be specified explicitly using 'hibernate.dialect' (remove the property setting and it will be selected by default)
2025-04-22T08:58:57.101-03:00  WARN 16300 --- [novaes] [           main] org.hibernate.orm.deprecation            : HHH90000026: MySQL8Dialect has been deprecated; use org.hibernate.dialect.MySQLDialect instead
2025-04-22T08:58:57.122-03:00  INFO 16300 --- [novaes] [           main] org.hibernate.orm.connections.pooling    : HHH10001005: Database info:
	Database JDBC URL [Connecting through datasource 'HikariDataSource (HikariPool-1)']
	Database driver: undefined/unknown
	Database version: 8.0
	Autocommit mode: undefined/unknown
	Isolation level: undefined/unknown
	Minimum pool size: undefined/unknown
	Maximum pool size: undefined/unknown
2025-04-22T08:58:57.137-03:00 DEBUG 16300 --- [novaes] [l-1 housekeeper] com.zaxxer.hikari.pool.HikariPool        : HikariPool-1 - Pool stats (total=1, active=0, idle=1, waiting=0)
2025-04-22T08:58:57.166-03:00 DEBUG 16300 --- [novaes] [onnection adder] com.zaxxer.hikari.pool.HikariPool        : HikariPool-1 - Added connection com.mysql.cj.jdbc.ConnectionImpl@209da12b
2025-04-22T08:58:57.199-03:00 DEBUG 16300 --- [novaes] [onnection adder] com.zaxxer.hikari.pool.HikariPool        : HikariPool-1 - After adding stats (total=2, active=0, idle=2, waiting=0)
2025-04-22T08:58:57.221-03:00 DEBUG 16300 --- [novaes] [onnection adder] com.zaxxer.hikari.pool.HikariPool        : HikariPool-1 - Added connection com.mysql.cj.jdbc.ConnectionImpl@1dd2637e
2025-04-22T08:58:57.263-03:00 DEBUG 16300 --- [novaes] [onnection adder] com.zaxxer.hikari.pool.HikariPool        : HikariPool-1 - After adding stats (total=3, active=0, idle=3, waiting=0)
2025-04-22T08:58:57.282-03:00 DEBUG 16300 --- [novaes] [onnection adder] com.zaxxer.hikari.pool.HikariPool        : HikariPool-1 - Added connection com.mysql.cj.jdbc.ConnectionImpl@65139bc6
2025-04-22T08:58:57.326-03:00 DEBUG 16300 --- [novaes] [onnection adder] com.zaxxer.hikari.pool.HikariPool        : HikariPool-1 - After adding stats (total=4, active=0, idle=4, waiting=0)
2025-04-22T08:58:57.346-03:00 DEBUG 16300 --- [novaes] [onnection adder] com.zaxxer.hikari.pool.HikariPool        : HikariPool-1 - Added connection com.mysql.cj.jdbc.ConnectionImpl@7a341d1
2025-04-22T08:58:57.387-03:00 DEBUG 16300 --- [novaes] [onnection adder] com.zaxxer.hikari.pool.HikariPool        : HikariPool-1 - After adding stats (total=5, active=0, idle=5, waiting=0)
2025-04-22T08:58:57.400-03:00 DEBUG 16300 --- [novaes] [onnection adder] com.zaxxer.hikari.pool.HikariPool        : HikariPool-1 - Added connection com.mysql.cj.jdbc.ConnectionImpl@4ab29344
2025-04-22T08:58:57.433-03:00 DEBUG 16300 --- [novaes] [onnection adder] com.zaxxer.hikari.pool.HikariPool        : HikariPool-1 - After adding stats (total=6, active=0, idle=6, waiting=0)
2025-04-22T08:58:57.445-03:00 DEBUG 16300 --- [novaes] [onnection adder] com.zaxxer.hikari.pool.HikariPool        : HikariPool-1 - Added connection com.mysql.cj.jdbc.ConnectionImpl@10683ec5
2025-04-22T08:58:57.479-03:00 DEBUG 16300 --- [novaes] [onnection adder] com.zaxxer.hikari.pool.HikariPool        : HikariPool-1 - After adding stats (total=7, active=0, idle=7, waiting=0)
2025-04-22T08:58:57.492-03:00 DEBUG 16300 --- [novaes] [onnection adder] com.zaxxer.hikari.pool.HikariPool        : HikariPool-1 - Added connection com.mysql.cj.jdbc.ConnectionImpl@461c4f3a
2025-04-22T08:58:57.525-03:00 DEBUG 16300 --- [novaes] [onnection adder] com.zaxxer.hikari.pool.HikariPool        : HikariPool-1 - After adding stats (total=8, active=0, idle=8, waiting=0)
2025-04-22T08:58:57.539-03:00 DEBUG 16300 --- [novaes] [onnection adder] com.zaxxer.hikari.pool.HikariPool        : HikariPool-1 - Added connection com.mysql.cj.jdbc.ConnectionImpl@57e1035b
2025-04-22T08:58:57.573-03:00 DEBUG 16300 --- [novaes] [onnection adder] com.zaxxer.hikari.pool.HikariPool        : HikariPool-1 - After adding stats (total=9, active=0, idle=9, waiting=0)
2025-04-22T08:58:57.588-03:00 DEBUG 16300 --- [novaes] [onnection adder] com.zaxxer.hikari.pool.HikariPool        : HikariPool-1 - Added connection com.mysql.cj.jdbc.ConnectionImpl@3d3a73aa
2025-04-22T08:58:57.619-03:00 DEBUG 16300 --- [novaes] [onnection adder] com.zaxxer.hikari.pool.HikariPool        : HikariPool-1 - After adding stats (total=10, active=0, idle=10, waiting=0)
2025-04-22T08:58:58.228-03:00  INFO 16300 --- [novaes] [           main] o.h.e.t.j.p.i.JtaPlatformInitiator       : HHH000489: No JTA platform available (set 'hibernate.transaction.jta.platform' to enable JTA platform integration)
2025-04-22T08:58:58.322-03:00  INFO 16300 --- [novaes] [           main] j.LocalContainerEntityManagerFactoryBean : Initialized JPA EntityManagerFactory for persistence unit 'default'
2025-04-22T08:58:58.732-03:00  INFO 16300 --- [novaes] [           main] o.s.d.j.r.query.QueryEnhancerFactory     : Hibernate is in classpath; If applicable, HQL parser will be used.
2025-04-22T08:58:59.731-03:00  WARN 16300 --- [novaes] [           main] JpaBaseConfiguration$JpaWebConfiguration : spring.jpa.open-in-view is enabled by default. Therefore, database queries may be performed during view rendering. Explicitly configure spring.jpa.open-in-view to disable this warning
2025-04-22T08:58:59.780-03:00  INFO 16300 --- [novaes] [           main] r$InitializeUserDetailsManagerConfigurer : Global AuthenticationManager configured with UserDetailsService bean with name userDetailsService
2025-04-22T08:59:00.530-03:00  INFO 16300 --- [novaes] [           main] o.s.b.a.e.web.EndpointLinksResolver      : Exposing 1 endpoint beneath base path '/actuator'
2025-04-22T08:59:01.448-03:00  INFO 16300 --- [novaes] [           main] c.n.t.TreinamentosApplicationTests       : Started TreinamentosApplicationTests in 7.969 seconds (process running for 9.393)
Hibernate: select u1_0.id,u1_0.activation_date,u1_0.cpf,u1_0.enabled,u1_0.lastname,u1_0.login,u1_0.name,u1_0.office_id,u1_0.password,u1_0.phone_number,u1_0.rg,u1_0.role from user u1_0 where u1_0.role=?
Hibernate: select count(*) from user u1_0
Hibernate: select count(*) from nr n1_0
Hibernate: select count(*) from office o1_0
]]></system-out>
    <system-err><![CDATA[Mockito is currently self-attaching to enable the inline-mock-maker. This will no longer work in future releases of the JDK. Please add Mockito as an agent to your build what is described in Mockito's documentation: https://javadoc.io/doc/org.mockito/mockito-core/latest/org/mockito/Mockito.html#0.3
WARNING: A Java agent has been loaded dynamically (C:\Users\NOVAES\.m2\repository\net\bytebuddy\byte-buddy-agent\1.15.11\byte-buddy-agent-1.15.11.jar)
WARNING: If a serviceability tool is in use, please run with -XX:+EnableDynamicAgentLoading to hide this warning
WARNING: If a serviceability tool is not in use, please run with -Djdk.instrument.traceUsage for more information
WARNING: Dynamic loading of agents will be disallowed by default in a future release
]]></system-err>
  </testcase>
</testsuite>